Using pre-set license
Built from '2020.3/staging' branch; Version is '2020.3.13f1 (71691879b7f5) revision 7432472'; Using compiler version '192528614'; Build Type 'Release'
OS: 'Windows 7  (6.1.0) 64bit' Language: 'zh' Physical Memory: 10184 MB
BatchMode: 1, IsHumanControllingUs: 0, StartBugReporterOnCrash: 0, Is64bit: 1, IsPro: 0

 COMMAND LINE ARGUMENTS:
C:\Program Files\Unity\Hub\Editor\2020.3.13f1\Editor\Unity.exe
-adb2
-batchMode
-noUpm
-name
AssetImportWorker1
-projectPath
D:/jia_hui/Unity_EgyptCat/Unity_2D_EgyptCat_202108/Unity_EgyptCat_202108
-logFile
Logs/AssetImportWorker1.log
-srvPort
58329
Successfully changed project path to: D:/jia_hui/Unity_EgyptCat/Unity_2D_EgyptCat_202108/Unity_EgyptCat_202108
D:/jia_hui/Unity_EgyptCat/Unity_2D_EgyptCat_202108/Unity_EgyptCat_202108
Using Asset Import Pipeline V2.
Refreshing native plugins compatible for Editor in 95.70 ms, found 3 plugins.
Preloading 0 native plugins for Editor in 0.00 ms.
Initialize engine version: 2020.3.13f1 (71691879b7f5)
[Subsystems] Discovering subsystems at path C:/Program Files/Unity/Hub/Editor/2020.3.13f1/Editor/Data/Resources/UnitySubsystems
[Subsystems] Discovering subsystems at path D:/jia_hui/Unity_EgyptCat/Unity_2D_EgyptCat_202108/Unity_EgyptCat_202108/Assets
GfxDevice: creating device client; threaded=0
d3d11: CreateDXGIFactory2(...) not found, fallbacking to CreateDXGIFactory1(...).
d3d11: QueryInterface(IDXGIFactory5) failed (80004002).
Direct3D:
    Version:  Direct3D 11.0 [level 11.0]
    Renderer: NVIDIA GeForce GTX 650 (ID=0xfc6)
    Vendor:   
    VRAM:     960 MB
    Driver:   24.21.13.9882
Initialize mono
Mono path[0] = 'C:/Program Files/Unity/Hub/Editor/2020.3.13f1/Editor/Data/Managed'
Mono path[1] = 'C:/Program Files/Unity/Hub/Editor/2020.3.13f1/Editor/Data/MonoBleedingEdge/lib/mono/unityjit'
Mono config path = 'C:/Program Files/Unity/Hub/Editor/2020.3.13f1/Editor/Data/MonoBleedingEdge/etc'
Using monoOptions --debugger-agent=transport=dt_socket,embedding=1,server=y,suspend=n,address=127.0.0.1:56668
Begin MonoManager ReloadAssembly
Registering precompiled unity dll's ...
Register platform support module: C:/Program Files/Unity/Hub/Editor/2020.3.13f1/Editor/Data/PlaybackEngines/WindowsStandaloneSupport/UnityEditor.WindowsStandalone.Extensions.dll
Registered in 0.001456 seconds.
Native extension for WindowsStandalone target not found
Refreshing native plugins compatible for Editor in 100.70 ms, found 3 plugins.
Preloading 0 native plugins for Editor in 0.00 ms.
Mono: successfully reloaded assembly
- Completed reload, in  1.428 seconds
Platform modules already initialized, skipping
Registering precompiled user dll's ...
Registered in 0.003181 seconds.
Begin MonoManager ReloadAssembly
Native extension for WindowsStandalone target not found
Refreshing native plugins compatible for Editor in 101.27 ms, found 3 plugins.
Preloading 0 native plugins for Editor in 0.00 ms.
Mono: successfully reloaded assembly
- Completed reload, in  6.680 seconds
Platform modules already initialized, skipping
========================================================================
Worker process is ready to serve import requests
Launched and connected shader compiler UnityShaderCompiler.exe after 0.08 seconds
Refreshing native plugins compatible for Editor in 0.83 ms, found 3 plugins.
Preloading 0 native plugins for Editor in 0.00 ms.
Unloading 2555 Unused Serialized files (Serialized files now loaded: 0)
System memory in use before: 118.2 MB.
System memory in use after: 118.3 MB.

Unloading 33 unused Assets to reduce memory usage. Loaded Objects now: 2995.
Total: 3.232998 ms (FindLiveObjects: 0.394699 ms CreateObjectMapping: 0.206038 ms MarkObjects: 2.459114 ms  DeleteObjects: 0.171905 ms)

AssetImportParameters requested are different than current active one (requested -> active):
  custom:framework-win-MediaFoundation: 216162199b28c13a410421893ffa2e32 -> 
  custom:video-decoder-ogg-theora: a1e56fd34408186e4bbccfd4996cb3dc -> 
  custom:container-muxer-webm: aa71ff27fc2769a1b78a27578f13a17b -> 
  custom:container-demuxer-webm: 4f35f7cbe854078d1ac9338744f61a02 -> 
  custom:container-demuxer-ogg: 62fdf1f143b41e24485cea50d1cbac27 -> 
  custom:video-encoder-webm-vp8: eb34c28f22e8b96e1ab97ce403110664 -> 
  custom:video-decoder-webm-vp8: 9c59270c3fd7afecdb556c50c9e8de78 -> 
  custom:audio-decoder-ogg-vorbis: bf7c407c2cedff20999df2af8eb42d56 -> 
  custom:audio-encoder-webm-vorbis: bf7c407c2cedff20999df2af8eb42d56 -> 
========================================================================
Received Import Request.
  path: Assets/2DGamekit/Audio
  artifactKey: Guid(adf29e45b61d80446b5446eb62eac8c4) Importer(815301076,1909f56bfc062723c751e8b465ee728b)
Start importing Assets/2DGamekit/Audio using Guid(adf29e45b61d80446b5446eb62eac8c4) Importer(815301076,1909f56bfc062723c751e8b465ee728b)  -> (artifact id: '68abd4094b12bac1fc1fb56cc5084de9') in 0.060380 seconds 
  Import took 0.082632 seconds .

========================================================================
Received Import Request.
  Time since last request: 809.744893 seconds.
  path: Assets/2DGamekit/Art/Sprites/Environment/Tilesets/Tileset_Rock.png
  artifactKey: Guid(6e1db66fc7e57884380659e0a55351f0) Importer(815301076,1909f56bfc062723c751e8b465ee728b)
Start importing Assets/2DGamekit/Art/Sprites/Environment/Tilesets/Tileset_Rock.png using Guid(6e1db66fc7e57884380659e0a55351f0) Importer(815301076,1909f56bfc062723c751e8b465ee728b)  -> (artifact id: '4fd43ced4e9c370ec9e16b21507db0e9') in 1.461949 seconds 
  Import took 1.514404 seconds .

========================================================================
Received Import Request.
  Time since last request: 32.128776 seconds.
  path: Assets/2DGamekit/Art/Sprites/UI/HUD
  artifactKey: Guid(295577f42a6096e469002edf812c9c48) Importer(815301076,1909f56bfc062723c751e8b465ee728b)
Start importing Assets/2DGamekit/Art/Sprites/UI/HUD using Guid(295577f42a6096e469002edf812c9c48) Importer(815301076,1909f56bfc062723c751e8b465ee728b)  -> (artifact id: '5f09674b8f6d14292a712a7703315cce') in 0.013232 seconds 
  Import took 0.046033 seconds .

========================================================================
Received Import Request.
  Time since last request: 18.229926 seconds.
  path: Assets/2DGamekit/Art/Sprites/AnimatedSprites/Key/KeySpin0032.png
  artifactKey: Guid(36d7a8d875f6bec499f358447156b5fc) Importer(815301076,1909f56bfc062723c751e8b465ee728b)
Start importing Assets/2DGamekit/Art/Sprites/AnimatedSprites/Key/KeySpin0032.png using Guid(36d7a8d875f6bec499f358447156b5fc) Importer(815301076,1909f56bfc062723c751e8b465ee728b)  -> (artifact id: 'e1c1fb77896d1464af31989b5640b54b') in 0.112409 seconds 
  Import took 0.140303 seconds .

========================================================================
Received Import Request.
  Time since last request: 0.000344 seconds.
  path: Assets/2DGamekit/Art/Sprites/AnimatedSprites/Key/KeySpin0034.png
  artifactKey: Guid(5bc4e6fd2df715c46b166367924563d2) Importer(815301076,1909f56bfc062723c751e8b465ee728b)
Start importing Assets/2DGamekit/Art/Sprites/AnimatedSprites/Key/KeySpin0034.png using Guid(5bc4e6fd2df715c46b166367924563d2) Importer(815301076,1909f56bfc062723c751e8b465ee728b)  -> (artifact id: '916f636c649a9dca1fb6d6622418ba36') in 0.063729 seconds 
  Import took 0.080732 seconds .

========================================================================
Received Import Request.
  Time since last request: 0.000207 seconds.
  path: Assets/2DGamekit/Art/Sprites/AnimatedSprites/Key/KeySpin0038.png
  artifactKey: Guid(55b7d14da52e94f40a7977ab1fd4678e) Importer(815301076,1909f56bfc062723c751e8b465ee728b)
Start importing Assets/2DGamekit/Art/Sprites/AnimatedSprites/Key/KeySpin0038.png using Guid(55b7d14da52e94f40a7977ab1fd4678e) Importer(815301076,1909f56bfc062723c751e8b465ee728b)  -> (artifact id: '35cdaa5ee59cb5d34cd164a51519c45c') in 0.059949 seconds 
  Import took 0.065618 seconds .

========================================================================
Received Import Request.
  Time since last request: 0.000207 seconds.
  path: Assets/2DGamekit/Art/Sprites/AnimatedSprites/Key/KeySpin0042.png
  artifactKey: Guid(cd5d447894330194aa31e955895c2404) Importer(815301076,1909f56bfc062723c751e8b465ee728b)
Start importing Assets/2DGamekit/Art/Sprites/AnimatedSprites/Key/KeySpin0042.png using Guid(cd5d447894330194aa31e955895c2404) Importer(815301076,1909f56bfc062723c751e8b465ee728b)  -> (artifact id: '6a131f30efd4739ba1aa55e8f99056d6') in 0.172643 seconds 
  Import took 0.179291 seconds .

========================================================================
Received Import Request.
  Time since last request: 0.003639 seconds.
  path: Assets/2DGamekit/Art/Sprites/AnimatedSprites/Key/KeySpin0036.png
  artifactKey: Guid(c7e105af68f080d408ff8dcfc71d976f) Importer(815301076,1909f56bfc062723c751e8b465ee728b)
Start importing Assets/2DGamekit/Art/Sprites/AnimatedSprites/Key/KeySpin0036.png using Guid(c7e105af68f080d408ff8dcfc71d976f) Importer(815301076,1909f56bfc062723c751e8b465ee728b)  -> (artifact id: '89d764b284bdacb0628208e0d1c9416e') in 0.056178 seconds 
  Import took 0.063172 seconds .

========================================================================
Received Import Request.
  Time since last request: 0.000252 seconds.
  path: Assets/2DGamekit/Art/Sprites/AnimatedSprites/Key/KeySpin0046.png
  artifactKey: Guid(36cb6f5bee0e9c64b8fd1b8d8fa3a779) Importer(815301076,1909f56bfc062723c751e8b465ee728b)
Start importing Assets/2DGamekit/Art/Sprites/AnimatedSprites/Key/KeySpin0046.png using Guid(36cb6f5bee0e9c64b8fd1b8d8fa3a779) Importer(815301076,1909f56bfc062723c751e8b465ee728b)  -> (artifact id: '7b9bdbf40552a643351db7f18759d6b2') in 0.029585 seconds 
  Import took 0.041506 seconds .

========================================================================
Received Import Request.
  Time since last request: 0.000236 seconds.
  path: Assets/2DGamekit/Art/Sprites/AnimatedSprites/Key/KeySpin0042.png
  artifactKey: Guid(cd5d447894330194aa31e955895c2404) Importer(815301076,1909f56bfc062723c751e8b465ee728b)
Start importing Assets/2DGamekit/Art/Sprites/AnimatedSprites/Key/KeySpin0042.png using Guid(cd5d447894330194aa31e955895c2404) Importer(815301076,1909f56bfc062723c751e8b465ee728b)  -> (artifact id: '6a131f30efd4739ba1aa55e8f99056d6') in 0.049956 seconds 
  Import took 0.055276 seconds .

========================================================================
Received Import Request.
  Time since last request: 0.000204 seconds.
  path: Assets/2DGamekit/Art/Sprites/AnimatedSprites/Key/KeySpin0048.png
  artifactKey: Guid(e2eadf32de58de044a6101c5d48fb7d5) Importer(815301076,1909f56bfc062723c751e8b465ee728b)
Start importing Assets/2DGamekit/Art/Sprites/AnimatedSprites/Key/KeySpin0048.png using Guid(e2eadf32de58de044a6101c5d48fb7d5) Importer(815301076,1909f56bfc062723c751e8b465ee728b)  -> (artifact id: 'e1fd3438f75d4aadb53c9a9122a09268') in 0.058712 seconds 
  Import took 0.064563 seconds .

========================================================================
Received Import Request.
  Time since last request: 0.000212 seconds.
  path: Assets/2DGamekit/Art/Sprites/AnimatedSprites/Key/KeySpin0044.png
  artifactKey: Guid(854bacb421a0cf0409b811ca82dc0b72) Importer(815301076,1909f56bfc062723c751e8b465ee728b)
Start importing Assets/2DGamekit/Art/Sprites/AnimatedSprites/Key/KeySpin0044.png using Guid(854bacb421a0cf0409b811ca82dc0b72) Importer(815301076,1909f56bfc062723c751e8b465ee728b)  -> (artifact id: 'bc742d8daf0ca4782b3c4a6a1ba30f19') in 0.050628 seconds 
  Import took 0.055996 seconds .

========================================================================
Received Import Request.
  Time since last request: 0.000213 seconds.
  path: Assets/2DGamekit/Art/Sprites/AnimatedSprites/Key/KeySpin0040.png
  artifactKey: Guid(75c23d1c7c70bb847b9946964aaf0825) Importer(815301076,1909f56bfc062723c751e8b465ee728b)
Start importing Assets/2DGamekit/Art/Sprites/AnimatedSprites/Key/KeySpin0040.png using Guid(75c23d1c7c70bb847b9946964aaf0825) Importer(815301076,1909f56bfc062723c751e8b465ee728b)  -> (artifact id: '10893418b1c1f6080a54c7a7304908e7') in 0.052804 seconds 
  Import took 0.058027 seconds .

========================================================================
Received Import Request.
  Time since last request: 0.478919 seconds.
  path: Assets/2DGamekit/Art/Sprites/AnimatedSprites/Key/KeySpin0050.png
  artifactKey: Guid(2e67ec8e00de06747930191c34bec57b) Importer(815301076,1909f56bfc062723c751e8b465ee728b)
Start importing Assets/2DGamekit/Art/Sprites/AnimatedSprites/Key/KeySpin0050.png using Guid(2e67ec8e00de06747930191c34bec57b) Importer(815301076,1909f56bfc062723c751e8b465ee728b)  -> (artifact id: 'd96b5586c6f1fa09ecd75152d4a2116b') in 0.174444 seconds 
  Import took 0.181254 seconds .

========================================================================
Received Import Request.
  Time since last request: 0.000243 seconds.
  path: Assets/2DGamekit/Art/Sprites/AnimatedSprites/Key/KeySpin0058.png
  artifactKey: Guid(a74e1b80bec2c7a41b68c0a4e6a2085a) Importer(815301076,1909f56bfc062723c751e8b465ee728b)
Start importing Assets/2DGamekit/Art/Sprites/AnimatedSprites/Key/KeySpin0058.png using Guid(a74e1b80bec2c7a41b68c0a4e6a2085a) Importer(815301076,1909f56bfc062723c751e8b465ee728b)  -> (artifact id: '8018b4f8511e03f9b0ac0f77d9a2bc53') in 0.060177 seconds 
  Import took 0.065838 seconds .

========================================================================
Received Import Request.
  Time since last request: 0.000236 seconds.
  path: Assets/2DGamekit/Art/Sprites/AnimatedSprites/Key/KeySpin0054.png
  artifactKey: Guid(ee67da4db316077448ea9b6e1f5429b4) Importer(815301076,1909f56bfc062723c751e8b465ee728b)
Start importing Assets/2DGamekit/Art/Sprites/AnimatedSprites/Key/KeySpin0054.png using Guid(ee67da4db316077448ea9b6e1f5429b4) Importer(815301076,1909f56bfc062723c751e8b465ee728b)  -> (artifact id: '6e1f22323fd7835df61b7fb466644b1b') in 0.068315 seconds 
  Import took 0.090098 seconds .

========================================================================
Received Import Request.
  Time since last request: 0.000210 seconds.
  path: Assets/2DGamekit/Art/Sprites/AnimatedSprites/Key/KeySpin0052.png
  artifactKey: Guid(d48d2bef2814aec4db2752ccf322c364) Importer(815301076,1909f56bfc062723c751e8b465ee728b)
Start importing Assets/2DGamekit/Art/Sprites/AnimatedSprites/Key/KeySpin0052.png using Guid(d48d2bef2814aec4db2752ccf322c364) Importer(815301076,1909f56bfc062723c751e8b465ee728b)  -> (artifact id: 'e8c03982224c5c46075f749d693d1def') in 0.049828 seconds 
  Import took 0.055253 seconds .

========================================================================
Received Import Request.
  Time since last request: 0.000204 seconds.
  path: Assets/2DGamekit/Art/Sprites/AnimatedSprites/Key/KeySpin0056.png
  artifactKey: Guid(3ece3017d2ee76f4d84987cb7e02ea37) Importer(815301076,1909f56bfc062723c751e8b465ee728b)
Start importing Assets/2DGamekit/Art/Sprites/AnimatedSprites/Key/KeySpin0056.png using Guid(3ece3017d2ee76f4d84987cb7e02ea37) Importer(815301076,1909f56bfc062723c751e8b465ee728b)  -> (artifact id: 'ae829e7045269b3b6ca60ba03c73539d') in 0.063924 seconds 
  Import took 0.080400 seconds .

========================================================================
Received Import Request.
  Time since last request: 455.832734 seconds.
  path: Assets/拼接素材/地板.prefab
  artifactKey: Guid(216882f5a544e1e4ea2f9658df51f006) Importer(815301076,1909f56bfc062723c751e8b465ee728b)
Start importing Assets/拼接素材/地板.prefab using Guid(216882f5a544e1e4ea2f9658df51f006) Importer(815301076,1909f56bfc062723c751e8b465ee728b)  -> (artifact id: '2c41c3f9c06525ad2839a44346337418') in 0.067987 seconds 
  Import took 0.110119 seconds .

========================================================================
Received Import Request.
  Time since last request: 5410.159239 seconds.
  path: Assets/2DGamekit/Art/TileMapPalettes/Tileset/TilesRock/Tileset_Rock_Ceiling1.asset
  artifactKey: Guid(73aa246763d389b4cb0315b7e38a60ba) Importer(815301076,1909f56bfc062723c751e8b465ee728b)
Start importing Assets/2DGamekit/Art/TileMapPalettes/Tileset/TilesRock/Tileset_Rock_Ceiling1.asset using Guid(73aa246763d389b4cb0315b7e38a60ba) Importer(815301076,1909f56bfc062723c751e8b465ee728b)  -> (artifact id: '6731c27e26e8488e2cc69fb61ec97294') in 0.152603 seconds 
  Import took 0.166871 seconds .

========================================================================
Received Import Request.
  Time since last request: 0.000286 seconds.
  path: Assets/2DGamekit/Art/TileMapPalettes/Tileset/TilesRock/Tileset_Rock_Ceiling6.asset
  artifactKey: Guid(fefa1cd98aa97e747acef74dafdd4aa4) Importer(815301076,1909f56bfc062723c751e8b465ee728b)
Start importing Assets/2DGamekit/Art/TileMapPalettes/Tileset/TilesRock/Tileset_Rock_Ceiling6.asset using Guid(fefa1cd98aa97e747acef74dafdd4aa4) Importer(815301076,1909f56bfc062723c751e8b465ee728b)  -> (artifact id: 'e571ccddc588aa5d4c462fa4073d79a7') in 0.109443 seconds 
  Import took 0.136109 seconds .

========================================================================
Received Import Request.
  Time since last request: 0.000290 seconds.
  path: Assets/2DGamekit/Art/TileMapPalettes/Tileset/TilesRock/Tileset_Rock_Ceiling3.asset
  artifactKey: Guid(6be176dfc402470429dbbdb71736be3c) Importer(815301076,1909f56bfc062723c751e8b465ee728b)
Start importing Assets/2DGamekit/Art/TileMapPalettes/Tileset/TilesRock/Tileset_Rock_Ceiling3.asset using Guid(6be176dfc402470429dbbdb71736be3c) Importer(815301076,1909f56bfc062723c751e8b465ee728b)  -> (artifact id: '90d25e5de9dbb934ea7d0a999662acae') in 0.091698 seconds 
  Import took 0.113275 seconds .

========================================================================
Received Import Request.
  Time since last request: 0.001264 seconds.
  path: Assets/2DGamekit/Art/TileMapPalettes/Tileset/TilesRock/Tileset_Rock_Ceiling2.asset
  artifactKey: Guid(54c3039a9669eed45b86a5bd9b4e5357) Importer(815301076,1909f56bfc062723c751e8b465ee728b)
Start importing Assets/2DGamekit/Art/TileMapPalettes/Tileset/TilesRock/Tileset_Rock_Ceiling2.asset using Guid(54c3039a9669eed45b86a5bd9b4e5357) Importer(815301076,1909f56bfc062723c751e8b465ee728b)  -> (artifact id: '3df4e337fa4320c46f6219f7fea5d7df') in 0.101074 seconds 
  Import took 0.129813 seconds .

========================================================================
Received Import Request.
  Time since last request: 0.000328 seconds.
  path: Assets/2DGamekit/Art/TileMapPalettes/Tileset/TilesRock/Tileset_Rock_Ceiling5.asset
  artifactKey: Guid(d87604d4e55221d40b5c3686e3344186) Importer(815301076,1909f56bfc062723c751e8b465ee728b)
Start importing Assets/2DGamekit/Art/TileMapPalettes/Tileset/TilesRock/Tileset_Rock_Ceiling5.asset using Guid(d87604d4e55221d40b5c3686e3344186) Importer(815301076,1909f56bfc062723c751e8b465ee728b)  -> (artifact id: '869a9a1667fcb4468ccd18c4dac09ba0') in 0.109417 seconds 
  Import took 0.121970 seconds .

========================================================================
Received Import Request.
  Time since last request: 0.000260 seconds.
  path: Assets/2DGamekit/Art/TileMapPalettes/Tileset/TilesRock/Tileset_Rock_Ceiling4.asset
  artifactKey: Guid(4abe9b5e6e3bd0542b97330b943c1079) Importer(815301076,1909f56bfc062723c751e8b465ee728b)
Start importing Assets/2DGamekit/Art/TileMapPalettes/Tileset/TilesRock/Tileset_Rock_Ceiling4.asset using Guid(4abe9b5e6e3bd0542b97330b943c1079) Importer(815301076,1909f56bfc062723c751e8b465ee728b)  -> (artifact id: '6f147330d234f4a7fbc0673b02883ccb') in 0.123479 seconds 
  Import took 0.138806 seconds .

========================================================================
Received Import Request.
  Time since last request: 11.444492 seconds.
  path: Assets/2DGamekit/Art/TileMapPalettes/Tileset/TilesAlien/Tileset_Alien_64.asset
  artifactKey: Guid(adb238b0b2350234dbfa2e280d6c6dae) Importer(815301076,1909f56bfc062723c751e8b465ee728b)
Start importing Assets/2DGamekit/Art/TileMapPalettes/Tileset/TilesAlien/Tileset_Alien_64.asset using Guid(adb238b0b2350234dbfa2e280d6c6dae) Importer(815301076,1909f56bfc062723c751e8b465ee728b)  -> (artifact id: '998c09cf5b16ab6d3fd447d688a41098') in 0.111760 seconds 
  Import took 0.122644 seconds .

========================================================================
Received Import Request.
  Time since last request: 0.000269 seconds.
  path: Assets/2DGamekit/Art/TileMapPalettes/Tileset/TilesAlien/Tileset_Alien_65.asset
  artifactKey: Guid(32179b16d53aa56488619ba107ea7b38) Importer(815301076,1909f56bfc062723c751e8b465ee728b)
Start importing Assets/2DGamekit/Art/TileMapPalettes/Tileset/TilesAlien/Tileset_Alien_65.asset using Guid(32179b16d53aa56488619ba107ea7b38) Importer(815301076,1909f56bfc062723c751e8b465ee728b)  -> (artifact id: '46b42435e234323e3c6bdfe561f0222a') in 0.025376 seconds 
  Import took 0.033054 seconds .

========================================================================
Received Import Request.
  Time since last request: 0.224686 seconds.
  path: Assets/2DGamekit/Art/TileMapPalettes/Tileset/TilesAlien/Tileset_Alien_66.asset
  artifactKey: Guid(d41da157dbfee2546b8e8167a78d8165) Importer(815301076,1909f56bfc062723c751e8b465ee728b)
Start importing Assets/2DGamekit/Art/TileMapPalettes/Tileset/TilesAlien/Tileset_Alien_66.asset using Guid(d41da157dbfee2546b8e8167a78d8165) Importer(815301076,1909f56bfc062723c751e8b465ee728b)  -> (artifact id: 'f562cbc23abe6a718b99d30422d84821') in 0.015954 seconds 
  Import took 0.024492 seconds .

========================================================================
Received Import Request.
  Time since last request: 0.007693 seconds.
  path: Assets/2DGamekit/Art/TileMapPalettes/Tileset/TilesAlien/Tileset_Alien_66.asset
  artifactKey: Guid(d41da157dbfee2546b8e8167a78d8165) Importer(815301076,1909f56bfc062723c751e8b465ee728b)
Start importing Assets/2DGamekit/Art/TileMapPalettes/Tileset/TilesAlien/Tileset_Alien_66.asset using Guid(d41da157dbfee2546b8e8167a78d8165) Importer(815301076,1909f56bfc062723c751e8b465ee728b)  -> (artifact id: 'f562cbc23abe6a718b99d30422d84821') in 0.005358 seconds 
  Import took 0.012181 seconds .

========================================================================
Received Import Request.
  Time since last request: 0.000226 seconds.
  path: Assets/2DGamekit/Art/TileMapPalettes/Tileset/TilesAlien/Tileset_Alien_67.asset
  artifactKey: Guid(96256239a11363d4ebc2d4c5f6fcd95e) Importer(815301076,1909f56bfc062723c751e8b465ee728b)
Start importing Assets/2DGamekit/Art/TileMapPalettes/Tileset/TilesAlien/Tileset_Alien_67.asset using Guid(96256239a11363d4ebc2d4c5f6fcd95e) Importer(815301076,1909f56bfc062723c751e8b465ee728b)  -> (artifact id: '71b515770a86b0ef81aa98cd83d40692') in 0.010317 seconds 
  Import took 0.025102 seconds .

========================================================================
Received Import Request.
  Time since last request: 0.037644 seconds.
  path: Assets/2DGamekit/Art/TileMapPalettes/Tileset/TilesAlien/Tileset_Alien_70.asset
  artifactKey: Guid(e5b4e3e74790a1842a68e46bae20b0e7) Importer(815301076,1909f56bfc062723c751e8b465ee728b)
Start importing Assets/2DGamekit/Art/TileMapPalettes/Tileset/TilesAlien/Tileset_Alien_70.asset using Guid(e5b4e3e74790a1842a68e46bae20b0e7) Importer(815301076,1909f56bfc062723c751e8b465ee728b)  -> (artifact id: '092dbf83bffc7099363dd70d10045fd8') in 0.102802 seconds 
  Import took 0.114186 seconds .

========================================================================
Received Import Request.
  Time since last request: 0.211025 seconds.
  path: Assets/2DGamekit/Art/TileMapPalettes/Tileset/TilesAlien/Tileset_Alien_71.asset
  artifactKey: Guid(fced59a7246664a409ee251b6c762046) Importer(815301076,1909f56bfc062723c751e8b465ee728b)
Start importing Assets/2DGamekit/Art/TileMapPalettes/Tileset/TilesAlien/Tileset_Alien_71.asset using Guid(fced59a7246664a409ee251b6c762046) Importer(815301076,1909f56bfc062723c751e8b465ee728b)  -> (artifact id: '44dffa497c1fbb13dc6d34109d9ef293') in 0.096799 seconds 
  Import took 0.108817 seconds .

========================================================================
Received Import Request.
  Time since last request: 0.000460 seconds.
  path: Assets/2DGamekit/Art/TileMapPalettes/Tileset/TilesAlien/Tileset_Alien_72.asset
  artifactKey: Guid(90228cec0c2373f45bf97399178a14cc) Importer(815301076,1909f56bfc062723c751e8b465ee728b)
Start importing Assets/2DGamekit/Art/TileMapPalettes/Tileset/TilesAlien/Tileset_Alien_72.asset using Guid(90228cec0c2373f45bf97399178a14cc) Importer(815301076,1909f56bfc062723c751e8b465ee728b)  -> (artifact id: 'a06c565398e3bd69fe0f688b23f5fbc9') in 0.100088 seconds 
  Import took 0.111673 seconds .

========================================================================
Received Import Request.
  Time since last request: 0.000269 seconds.
  path: Assets/2DGamekit/Art/TileMapPalettes/Tileset/TilesAlien/Tileset_Alien_73.asset
  artifactKey: Guid(00859619e09a14943bdd6b214b5744a9) Importer(815301076,1909f56bfc062723c751e8b465ee728b)
Start importing Assets/2DGamekit/Art/TileMapPalettes/Tileset/TilesAlien/Tileset_Alien_73.asset using Guid(00859619e09a14943bdd6b214b5744a9) Importer(815301076,1909f56bfc062723c751e8b465ee728b)  -> (artifact id: 'fdb034b64e061be3bcafa6c9022e26c7') in 0.108126 seconds 
  Import took 0.120108 seconds .

========================================================================
Received Import Request.
  Time since last request: 0.068339 seconds.
  path: Assets/2DGamekit/Art/TileMapPalettes/Tileset/TilesAlien/Tileset_Alien_74.asset
  artifactKey: Guid(9882ee408e225c645acd6dcc4aa50261) Importer(815301076,1909f56bfc062723c751e8b465ee728b)
Start importing Assets/2DGamekit/Art/TileMapPalettes/Tileset/TilesAlien/Tileset_Alien_74.asset using Guid(9882ee408e225c645acd6dcc4aa50261) Importer(815301076,1909f56bfc062723c751e8b465ee728b)  -> (artifact id: 'cc6397ad65de78f2cc5305f674df5592') in 0.092852 seconds 
  Import took 0.116633 seconds .

========================================================================
Received Import Request.
  Time since last request: 0.000327 seconds.
  path: Assets/2DGamekit/Art/TileMapPalettes/Tileset/TilesAlien/Tileset_Alien_78.asset
  artifactKey: Guid(8f315e842bc8afe4897987570e0ff3f3) Importer(815301076,1909f56bfc062723c751e8b465ee728b)
Start importing Assets/2DGamekit/Art/TileMapPalettes/Tileset/TilesAlien/Tileset_Alien_78.asset using Guid(8f315e842bc8afe4897987570e0ff3f3) Importer(815301076,1909f56bfc062723c751e8b465ee728b)  -> (artifact id: 'b06e6feac6d37a068b9b91bd9bec4807') in 0.093758 seconds 
  Import took 0.106118 seconds .

========================================================================
Received Import Request.
  Time since last request: 0.072823 seconds.
  path: Assets/2DGamekit/Art/TileMapPalettes/Tileset/TilesAlien/Tileset_Alien_74.asset
  artifactKey: Guid(9882ee408e225c645acd6dcc4aa50261) Importer(815301076,1909f56bfc062723c751e8b465ee728b)
Start importing Assets/2DGamekit/Art/TileMapPalettes/Tileset/TilesAlien/Tileset_Alien_74.asset using Guid(9882ee408e225c645acd6dcc4aa50261) Importer(815301076,1909f56bfc062723c751e8b465ee728b)  -> (artifact id: 'cc6397ad65de78f2cc5305f674df5592') in 0.085835 seconds 
  Import took 0.097344 seconds .

========================================================================
Received Import Request.
  Time since last request: 0.000260 seconds.
  path: Assets/2DGamekit/Art/TileMapPalettes/Tileset/TilesAlien/Tileset_Alien_80.asset
  artifactKey: Guid(5348861ab51e4fd4bb4d49307cd0fbb3) Importer(815301076,1909f56bfc062723c751e8b465ee728b)
Start importing Assets/2DGamekit/Art/TileMapPalettes/Tileset/TilesAlien/Tileset_Alien_80.asset using Guid(5348861ab51e4fd4bb4d49307cd0fbb3) Importer(815301076,1909f56bfc062723c751e8b465ee728b)  -> (artifact id: 'c61a74ca44064863dcbe3f344a732c9b') in 0.095145 seconds 
  Import took 0.107764 seconds .

========================================================================
Received Import Request.
  Time since last request: 0.000311 seconds.
  path: Assets/2DGamekit/Art/TileMapPalettes/Tileset/TilesAlien/Tileset_Alien_81.asset
  artifactKey: Guid(ea7d645290846a8459cf93026f012403) Importer(815301076,1909f56bfc062723c751e8b465ee728b)
Start importing Assets/2DGamekit/Art/TileMapPalettes/Tileset/TilesAlien/Tileset_Alien_81.asset using Guid(ea7d645290846a8459cf93026f012403) Importer(815301076,1909f56bfc062723c751e8b465ee728b)  -> (artifact id: 'c806d5d319c0cf114786f22198a9ad94') in 0.010046 seconds 
  Import took 0.016317 seconds .

========================================================================
Received Import Request.
  Time since last request: 0.000201 seconds.
  path: Assets/2DGamekit/Art/TileMapPalettes/Tileset/TilesAlien/Tileset_Alien_82.asset
  artifactKey: Guid(630c23073b65dc441a064b28a11f5d19) Importer(815301076,1909f56bfc062723c751e8b465ee728b)
Start importing Assets/2DGamekit/Art/TileMapPalettes/Tileset/TilesAlien/Tileset_Alien_82.asset using Guid(630c23073b65dc441a064b28a11f5d19) Importer(815301076,1909f56bfc062723c751e8b465ee728b)  -> (artifact id: '726f4bad6a4e96b1c00f78d29b259d44') in 0.010450 seconds 
  Import took 0.016742 seconds .

========================================================================
Received Import Request.
  Time since last request: 0.000227 seconds.
  path: Assets/2DGamekit/Art/TileMapPalettes/Tileset/TilesAlien/Tileset_Alien_83.asset
  artifactKey: Guid(1cd5f99f893b27b479d913986df0da47) Importer(815301076,1909f56bfc062723c751e8b465ee728b)
Start importing Assets/2DGamekit/Art/TileMapPalettes/Tileset/TilesAlien/Tileset_Alien_83.asset using Guid(1cd5f99f893b27b479d913986df0da47) Importer(815301076,1909f56bfc062723c751e8b465ee728b)  -> (artifact id: 'a22738d68ea5f4cca13be0d7adb65a92') in 0.012542 seconds 
  Import took 0.036437 seconds .

========================================================================
Received Import Request.
  Time since last request: 0.278427 seconds.
  path: Assets/2DGamekit/Art/TileMapPalettes/Tileset/TilesAlien/Tileset_Alien_84.asset
  artifactKey: Guid(229c0c3f5abdb8b4b875aec3f562539d) Importer(815301076,1909f56bfc062723c751e8b465ee728b)
Start importing Assets/2DGamekit/Art/TileMapPalettes/Tileset/TilesAlien/Tileset_Alien_84.asset using Guid(229c0c3f5abdb8b4b875aec3f562539d) Importer(815301076,1909f56bfc062723c751e8b465ee728b)  -> (artifact id: '986dd1b599b497360e8bfed524c08024') in 0.013245 seconds 
  Import took 0.019893 seconds .

========================================================================
Received Import Request.
  Time since last request: 0.005708 seconds.
  path: Assets/2DGamekit/Art/TileMapPalettes/Tileset/TilesAlien/Tileset_Alien_84.asset
  artifactKey: Guid(229c0c3f5abdb8b4b875aec3f562539d) Importer(815301076,1909f56bfc062723c751e8b465ee728b)
Start importing Assets/2DGamekit/Art/TileMapPalettes/Tileset/TilesAlien/Tileset_Alien_84.asset using Guid(229c0c3f5abdb8b4b875aec3f562539d) Importer(815301076,1909f56bfc062723c751e8b465ee728b)  -> (artifact id: '986dd1b599b497360e8bfed524c08024') in 0.005332 seconds 
  Import took 0.012568 seconds .

========================================================================
Received Import Request.
  Time since last request: 0.000244 seconds.
  path: Assets/2DGamekit/Art/TileMapPalettes/Tileset/TilesAlien/Tileset_Alien_85.asset
  artifactKey: Guid(ff56d8c7a341791438229e590357db42) Importer(815301076,1909f56bfc062723c751e8b465ee728b)
Start importing Assets/2DGamekit/Art/TileMapPalettes/Tileset/TilesAlien/Tileset_Alien_85.asset using Guid(ff56d8c7a341791438229e590357db42) Importer(815301076,1909f56bfc062723c751e8b465ee728b)  -> (artifact id: 'bc267cf0662b2e0eadda3e19f70a2dba') in 0.010685 seconds 
  Import took 0.016165 seconds .

========================================================================
Received Import Request.
  Time since last request: 0.020463 seconds.
  path: Assets/2DGamekit/Art/TileMapPalettes/Tileset/TilesAlien/Tileset_Alien_86.asset
  artifactKey: Guid(94fc92ac5c4f8fc4f9bc8f870d0ce9cd) Importer(815301076,1909f56bfc062723c751e8b465ee728b)
Start importing Assets/2DGamekit/Art/TileMapPalettes/Tileset/TilesAlien/Tileset_Alien_86.asset using Guid(94fc92ac5c4f8fc4f9bc8f870d0ce9cd) Importer(815301076,1909f56bfc062723c751e8b465ee728b)  -> (artifact id: '15faf2508252825b42b7a820821ccf7b') in 0.014898 seconds 
  Import took 0.021431 seconds .

========================================================================
Received Import Request.
  Time since last request: 0.035436 seconds.
  path: Assets/2DGamekit/Art/TileMapPalettes/Tileset/TilesAlien/Tileset_Alien_89.asset
  artifactKey: Guid(dc5ce057feae974419f9af0620b91cc3) Importer(815301076,1909f56bfc062723c751e8b465ee728b)
Start importing Assets/2DGamekit/Art/TileMapPalettes/Tileset/TilesAlien/Tileset_Alien_89.asset using Guid(dc5ce057feae974419f9af0620b91cc3) Importer(815301076,1909f56bfc062723c751e8b465ee728b)  -> (artifact id: 'cfb07b5d77cbb6cb3c5995858580dc95') in 0.088837 seconds 
  Import took 0.115657 seconds .

========================================================================
Received Import Request.
  Time since last request: 10.737019 seconds.
  path: Assets/2DGamekit/Art/TileMapPalettes/Tileset/TilesRock/Tileset_Rock_Fill9.asset
  artifactKey: Guid(315b016dba65de347907067f19791e66) Importer(815301076,1909f56bfc062723c751e8b465ee728b)
Start importing Assets/2DGamekit/Art/TileMapPalettes/Tileset/TilesRock/Tileset_Rock_Fill9.asset using Guid(315b016dba65de347907067f19791e66) Importer(815301076,1909f56bfc062723c751e8b465ee728b)  -> (artifact id: 'e5cc3d248cf017d44f8815150c317c31') in 0.099688 seconds 
  Import took 0.126612 seconds .

========================================================================
Received Import Request.
  Time since last request: 0.000273 seconds.
  path: Assets/2DGamekit/Art/TileMapPalettes/Tileset/TilesRock/Tileset_Rock_Fill10.asset
  artifactKey: Guid(37a7fb19d585f384ba563705e8bb6be8) Importer(815301076,1909f56bfc062723c751e8b465ee728b)
Start importing Assets/2DGamekit/Art/TileMapPalettes/Tileset/TilesRock/Tileset_Rock_Fill10.asset using Guid(37a7fb19d585f384ba563705e8bb6be8) Importer(815301076,1909f56bfc062723c751e8b465ee728b)  -> (artifact id: 'c8cd5f06f675a52d2fe468dc7e33d268') in 0.122548 seconds 
  Import took 0.136088 seconds .

========================================================================
Received Import Request.
  Time since last request: 0.000301 seconds.
  path: Assets/2DGamekit/Art/TileMapPalettes/Tileset/TilesRock/Tileset_Rock_Fill11.asset
  artifactKey: Guid(227b417bae6780346895f5fb212831eb) Importer(815301076,1909f56bfc062723c751e8b465ee728b)
Start importing Assets/2DGamekit/Art/TileMapPalettes/Tileset/TilesRock/Tileset_Rock_Fill11.asset using Guid(227b417bae6780346895f5fb212831eb) Importer(815301076,1909f56bfc062723c751e8b465ee728b)  -> (artifact id: 'a275c81451b1a77ca5bf6e2ead7e1fff') in 0.105486 seconds 
  Import took 0.120659 seconds .

========================================================================
Received Import Request.
  Time since last request: 0.000252 seconds.
  path: Assets/2DGamekit/Art/TileMapPalettes/Tileset/TilesRock/Tileset_Rock_Fill8.asset
  artifactKey: Guid(6c74db582993a3e40803cd6305640ff3) Importer(815301076,1909f56bfc062723c751e8b465ee728b)
Start importing Assets/2DGamekit/Art/TileMapPalettes/Tileset/TilesRock/Tileset_Rock_Fill8.asset using Guid(6c74db582993a3e40803cd6305640ff3) Importer(815301076,1909f56bfc062723c751e8b465ee728b)  -> (artifact id: 'c4df1c3be8cdd8a175b16a8378a6ac5b') in 0.115170 seconds 
  Import took 0.129932 seconds .

========================================================================
Received Import Request.
  Time since last request: 0.000334 seconds.
  path: Assets/2DGamekit/Art/TileMapPalettes/Tileset/TilesRock/Tileset_Rock_Fill5.asset
  artifactKey: Guid(4f8718025385c5b43b58e2d5da675668) Importer(815301076,1909f56bfc062723c751e8b465ee728b)
Start importing Assets/2DGamekit/Art/TileMapPalettes/Tileset/TilesRock/Tileset_Rock_Fill5.asset using Guid(4f8718025385c5b43b58e2d5da675668) Importer(815301076,1909f56bfc062723c751e8b465ee728b)  -> (artifact id: '421e907a33cf9cbf343fd55c2b802bc4') in 0.112978 seconds 
  Import took 0.145377 seconds .

========================================================================
Received Import Request.
  Time since last request: 0.000523 seconds.
  path: Assets/2DGamekit/Art/TileMapPalettes/Tileset/TilesRock/Tileset_Rock_Fill4.asset
  artifactKey: Guid(8be4318beb0cd0f4eb5b32852d87add4) Importer(815301076,1909f56bfc062723c751e8b465ee728b)
Start importing Assets/2DGamekit/Art/TileMapPalettes/Tileset/TilesRock/Tileset_Rock_Fill4.asset using Guid(8be4318beb0cd0f4eb5b32852d87add4) Importer(815301076,1909f56bfc062723c751e8b465ee728b)  -> (artifact id: '8e140d04e29bfd7a227c524dac846bc8') in 0.096417 seconds 
  Import took 0.110469 seconds .

========================================================================
Received Import Request.
  Time since last request: 0.000305 seconds.
  path: Assets/2DGamekit/Art/TileMapPalettes/Tileset/TilesRock/Tileset_Rock_Fill0.asset
  artifactKey: Guid(0d6dea3e3ae192f4a97e723d72692174) Importer(815301076,1909f56bfc062723c751e8b465ee728b)
Start importing Assets/2DGamekit/Art/TileMapPalettes/Tileset/TilesRock/Tileset_Rock_Fill0.asset using Guid(0d6dea3e3ae192f4a97e723d72692174) Importer(815301076,1909f56bfc062723c751e8b465ee728b)  -> (artifact id: 'b537f9e60231668dbe20043a465eb370') in 0.101194 seconds 
  Import took 0.115374 seconds .

========================================================================
Received Import Request.
  Time since last request: 0.000276 seconds.
  path: Assets/2DGamekit/Art/TileMapPalettes/Tileset/TilesRock/Tileset_Rock_CeilingCornerOuterLeft.asset
  artifactKey: Guid(7367c25c5d9cf62439ab564270842e55) Importer(815301076,1909f56bfc062723c751e8b465ee728b)
Start importing Assets/2DGamekit/Art/TileMapPalettes/Tileset/TilesRock/Tileset_Rock_CeilingCornerOuterLeft.asset using Guid(7367c25c5d9cf62439ab564270842e55) Importer(815301076,1909f56bfc062723c751e8b465ee728b)  -> (artifact id: '7fbbd6eb499524d205f4a859852c102e') in 0.102192 seconds 
  Import took 0.117479 seconds .

========================================================================
Received Import Request.
  Time since last request: 0.000299 seconds.
  path: Assets/2DGamekit/Art/TileMapPalettes/Tileset/TilesRock/Tileset_Rock_Fill1.asset
  artifactKey: Guid(c8fa761e5efdf74479c0e0fc7b10f385) Importer(815301076,1909f56bfc062723c751e8b465ee728b)
Start importing Assets/2DGamekit/Art/TileMapPalettes/Tileset/TilesRock/Tileset_Rock_Fill1.asset using Guid(c8fa761e5efdf74479c0e0fc7b10f385) Importer(815301076,1909f56bfc062723c751e8b465ee728b)  -> (artifact id: 'a7de63ae85a7b1b2f927a212ee12d93c') in 0.101668 seconds 
  Import took 0.117645 seconds .

========================================================================
Received Import Request.
  Time since last request: 0.000318 seconds.
  path: Assets/2DGamekit/Art/TileMapPalettes/Tileset/TilesRock/Tileset_Rock_CeilingCornerOuterRight.asset
  artifactKey: Guid(64b735438ed113748b8a0625bcd812e7) Importer(815301076,1909f56bfc062723c751e8b465ee728b)
Start importing Assets/2DGamekit/Art/TileMapPalettes/Tileset/TilesRock/Tileset_Rock_CeilingCornerOuterRight.asset using Guid(64b735438ed113748b8a0625bcd812e7) Importer(815301076,1909f56bfc062723c751e8b465ee728b)  -> (artifact id: '350e87fc4ea1a79a52facacc3af6f34d') in 0.099937 seconds 
  Import took 0.114133 seconds .

========================================================================
Received Import Request.
  Time since last request: 0.000312 seconds.
  path: Assets/2DGamekit/Art/TileMapPalettes/Tileset/TilesRock/Tileset_Rock_Fill2.asset
  artifactKey: Guid(89151ce5a9db1c94981e8f0ec6ce1396) Importer(815301076,1909f56bfc062723c751e8b465ee728b)
Start importing Assets/2DGamekit/Art/TileMapPalettes/Tileset/TilesRock/Tileset_Rock_Fill2.asset using Guid(89151ce5a9db1c94981e8f0ec6ce1396) Importer(815301076,1909f56bfc062723c751e8b465ee728b)  -> (artifact id: 'dd0beaa898f9d708d0cc84d54aca7c12') in 0.095908 seconds 
  Import took 0.110526 seconds .

========================================================================
Received Import Request.
  Time since last request: 0.000263 seconds.
  path: Assets/2DGamekit/Art/TileMapPalettes/Tileset/TilesRock/Tileset_Rock_Fill3.asset
  artifactKey: Guid(47665f29f82fcf64485567ce4c3991f1) Importer(815301076,1909f56bfc062723c751e8b465ee728b)
Start importing Assets/2DGamekit/Art/TileMapPalettes/Tileset/TilesRock/Tileset_Rock_Fill3.asset using Guid(47665f29f82fcf64485567ce4c3991f1) Importer(815301076,1909f56bfc062723c751e8b465ee728b)  -> (artifact id: '1cc35b6f74fddfcfdd48455930e52e5b') in 0.091702 seconds 
  Import took 0.114835 seconds .

========================================================================
Received Import Request.
  Time since last request: 0.000654 seconds.
  path: Assets/2DGamekit/Art/TileMapPalettes/Tileset/TilesRock/Tileset_Rock_Fill6.asset
  artifactKey: Guid(cf43743976869dc47ab25c7ffeac626b) Importer(815301076,1909f56bfc062723c751e8b465ee728b)
Start importing Assets/2DGamekit/Art/TileMapPalettes/Tileset/TilesRock/Tileset_Rock_Fill6.asset using Guid(cf43743976869dc47ab25c7ffeac626b) Importer(815301076,1909f56bfc062723c751e8b465ee728b)  -> (artifact id: 'e4771706a70bde3798f63372bb2c6bd4') in 0.126149 seconds 
  Import took 0.140485 seconds .

========================================================================
Received Import Request.
  Time since last request: 0.000317 seconds.
  path: Assets/2DGamekit/Art/TileMapPalettes/Tileset/TilesRock/Tileset_Rock_Ceiling0.asset
  artifactKey: Guid(0e7e763844e58834facfd50107088fd2) Importer(815301076,1909f56bfc062723c751e8b465ee728b)
Start importing Assets/2DGamekit/Art/TileMapPalettes/Tileset/TilesRock/Tileset_Rock_Ceiling0.asset using Guid(0e7e763844e58834facfd50107088fd2) Importer(815301076,1909f56bfc062723c751e8b465ee728b)  -> (artifact id: '259b714f095c28b8a94d2439ce052b22') in 0.099957 seconds 
  Import took 0.113664 seconds .

========================================================================
Received Import Request.
  Time since last request: 0.000675 seconds.
  path: Assets/2DGamekit/Art/TileMapPalettes/Tileset/TilesRock/Tileset_Rock_Fill7.asset
  artifactKey: Guid(9968e9fca225ba442b64eb9020068866) Importer(815301076,1909f56bfc062723c751e8b465ee728b)
Start importing Assets/2DGamekit/Art/TileMapPalettes/Tileset/TilesRock/Tileset_Rock_Fill7.asset using Guid(9968e9fca225ba442b64eb9020068866) Importer(815301076,1909f56bfc062723c751e8b465ee728b)  -> (artifact id: '6afcbdbb2e13d154a017a52a7b81dab9') in 0.104334 seconds 
  Import took 0.133184 seconds .

========================================================================
Received Import Request.
  Time since last request: 0.000886 seconds.
  path: Assets/2DGamekit/Art/TileMapPalettes/Tileset/TilesRock/Tileset_Rock_Ceiling0.asset
  artifactKey: Guid(0e7e763844e58834facfd50107088fd2) Importer(815301076,1909f56bfc062723c751e8b465ee728b)
Start importing Assets/2DGamekit/Art/TileMapPalettes/Tileset/TilesRock/Tileset_Rock_Ceiling0.asset using Guid(0e7e763844e58834facfd50107088fd2) Importer(815301076,1909f56bfc062723c751e8b465ee728b)  -> (artifact id: '259b714f095c28b8a94d2439ce052b22') in 0.099740 seconds 
  Import took 0.114445 seconds .

========================================================================
Received Import Request.
  Time since last request: 7432.390759 seconds.
  path: Assets/New Folder
  artifactKey: Guid(00d51f4db89705e4097cb7071d6233df) Importer(815301076,1909f56bfc062723c751e8b465ee728b)
Start importing Assets/New Folder using Guid(00d51f4db89705e4097cb7071d6233df) Importer(815301076,1909f56bfc062723c751e8b465ee728b)  -> (artifact id: '2111d15316e1753297057afe5c005694') in 0.014809 seconds 
  Import took 0.022971 seconds .

========================================================================
Received Import Request.
  Time since last request: 9.161909 seconds.
  path: Assets/預制物
  artifactKey: Guid(00d51f4db89705e4097cb7071d6233df) Importer(815301076,1909f56bfc062723c751e8b465ee728b)
Start importing Assets/預制物 using Guid(00d51f4db89705e4097cb7071d6233df) Importer(815301076,1909f56bfc062723c751e8b465ee728b)  -> (artifact id: '62bc42c32e975ee1eec0383f052260af') in 0.013294 seconds 
  Import took 0.020610 seconds .

========================================================================
Received Import Request.
  Time since last request: 4.698136 seconds.
  path: Assets/預制物/岩柱.prefab
  artifactKey: Guid(ea9a9b6da6f881748908f1e37dacb717) Importer(815301076,1909f56bfc062723c751e8b465ee728b)
Start importing Assets/預制物/岩柱.prefab using Guid(ea9a9b6da6f881748908f1e37dacb717) Importer(815301076,1909f56bfc062723c751e8b465ee728b)  -> (artifact id: '5c21b207f5286831bb94a9814ab4c624') in 0.106621 seconds 
  Import took 0.114364 seconds .

========================================================================
Received Import Request.
  Time since last request: 596.239970 seconds.
  path: Assets/預制物/雕像.prefab
  artifactKey: Guid(f8ab1e8ee28238c448033af6de3b9272) Importer(815301076,1909f56bfc062723c751e8b465ee728b)
Start importing Assets/預制物/雕像.prefab using Guid(f8ab1e8ee28238c448033af6de3b9272) Importer(815301076,1909f56bfc062723c751e8b465ee728b)  -> (artifact id: 'c6481fc4cbe6cb663333a428d407cd3a') in 0.031264 seconds 
  Import took 0.039287 seconds .

========================================================================
Received Import Request.
  Time since last request: 3.400266 seconds.
  path: Assets/預制物/設備A.prefab
  artifactKey: Guid(ffc90dd9022f82e4ab179c2b2382c44b) Importer(815301076,1909f56bfc062723c751e8b465ee728b)
Start importing Assets/預制物/設備A.prefab using Guid(ffc90dd9022f82e4ab179c2b2382c44b) Importer(815301076,1909f56bfc062723c751e8b465ee728b)  -> (artifact id: '01d0c2aa41f59241a4626be317bb92ad') in 0.073864 seconds 
  Import took 0.081617 seconds .

========================================================================
Received Import Request.
  Time since last request: 1.861613 seconds.
  path: Assets/預制物/設備B.prefab
  artifactKey: Guid(941b87b8cec7a594b996913f23b4deab) Importer(815301076,1909f56bfc062723c751e8b465ee728b)
Start importing Assets/預制物/設備B.prefab using Guid(941b87b8cec7a594b996913f23b4deab) Importer(815301076,1909f56bfc062723c751e8b465ee728b)  -> (artifact id: '87b992a6014a9eba246d26637ffaef74') in 0.151838 seconds 
  Import took 0.158663 seconds .

========================================================================
Received Import Request.
  Time since last request: 2.202394 seconds.
  path: Assets/預制物/設備C.prefab
  artifactKey: Guid(49dc8e4b219fe5c40a960b4df8dbf01d) Importer(815301076,1909f56bfc062723c751e8b465ee728b)
Start importing Assets/預制物/設備C.prefab using Guid(49dc8e4b219fe5c40a960b4df8dbf01d) Importer(815301076,1909f56bfc062723c751e8b465ee728b)  -> (artifact id: '0dbaf0b8dd9c475e8b57a9257c0fe37a') in 0.021178 seconds 
  Import took 0.040900 seconds .

========================================================================
Received Import Request.
  Time since last request: 2833.028753 seconds.
  path: Assets/預制物/磨菇A.prefab
  artifactKey: Guid(ec3714aca3a1782498b1126941753637) Importer(815301076,1909f56bfc062723c751e8b465ee728b)
Start importing Assets/預制物/磨菇A.prefab using Guid(ec3714aca3a1782498b1126941753637) Importer(815301076,1909f56bfc062723c751e8b465ee728b)  -> (artifact id: '12d8a0ef509024ea343fa2409cbb3336') in 0.034413 seconds 
  Import took 0.044157 seconds .

========================================================================
Received Import Request.
  Time since last request: 11.895945 seconds.
  path: Assets/預制物/岩石A.prefab
  artifactKey: Guid(a40ed2b1a43d30542b963e29bd663fed) Importer(815301076,1909f56bfc062723c751e8b465ee728b)
Start importing Assets/預制物/岩石A.prefab using Guid(a40ed2b1a43d30542b963e29bd663fed) Importer(815301076,1909f56bfc062723c751e8b465ee728b)  -> (artifact id: 'bbb3045473d36616a28e143ee2a3799f') in 0.032757 seconds 
  Import took 0.039004 seconds .

========================================================================
Received Import Request.
  Time since last request: 3.117828 seconds.
  path: Assets/預制物/岩石B.prefab
  artifactKey: Guid(da59c5e73f2442a4cba8e65ec92f071e) Importer(815301076,1909f56bfc062723c751e8b465ee728b)
Start importing Assets/預制物/岩石B.prefab using Guid(da59c5e73f2442a4cba8e65ec92f071e) Importer(815301076,1909f56bfc062723c751e8b465ee728b)  -> (artifact id: 'ecfb5ff8c4f566f2d044722b7291e096') in 0.047558 seconds 
  Import took 0.092720 seconds .

========================================================================
Received Import Request.
  Time since last request: 0.009161 seconds.
  path: Assets/預制物/岩石B.prefab
  artifactKey: Guid(da59c5e73f2442a4cba8e65ec92f071e) Importer(815301076,1909f56bfc062723c751e8b465ee728b)
Start importing Assets/預制物/岩石B.prefab using Guid(da59c5e73f2442a4cba8e65ec92f071e) Importer(815301076,1909f56bfc062723c751e8b465ee728b)  -> (artifact id: 'ecfb5ff8c4f566f2d044722b7291e096') in 0.019812 seconds 
  Import took 0.025941 seconds .

========================================================================
Received Import Request.
  Time since last request: 4.403555 seconds.
  path: Assets/預制物/岩石C.prefab
  artifactKey: Guid(6262bf0089bc20b49b4caefbc7e8499a) Importer(815301076,1909f56bfc062723c751e8b465ee728b)
Start importing Assets/預制物/岩石C.prefab using Guid(6262bf0089bc20b49b4caefbc7e8499a) Importer(815301076,1909f56bfc062723c751e8b465ee728b)  -> (artifact id: '1372c08d0005c6b86496b3f88791daf5') in 0.024872 seconds 
  Import took 0.045689 seconds .

========================================================================
Received Import Request.
  Time since last request: 3.431092 seconds.
  path: Assets/預制物/蜘蛛絲A.prefab
  artifactKey: Guid(93e745a020d962f428ba53ad49057cf0) Importer(815301076,1909f56bfc062723c751e8b465ee728b)
Start importing Assets/預制物/蜘蛛絲A.prefab using Guid(93e745a020d962f428ba53ad49057cf0) Importer(815301076,1909f56bfc062723c751e8b465ee728b)  -> (artifact id: '4012647beee7492f6875f49d653613ec') in 0.030869 seconds 
  Import took 0.040044 seconds .

========================================================================
Received Import Request.
  Time since last request: 9.827776 seconds.
  path: Assets/預制物/岩石D.prefab
  artifactKey: Guid(ae62216cb82a494458ee6a50e4bb23dd) Importer(815301076,1909f56bfc062723c751e8b465ee728b)
Start importing Assets/預制物/岩石D.prefab using Guid(ae62216cb82a494458ee6a50e4bb23dd) Importer(815301076,1909f56bfc062723c751e8b465ee728b)  -> (artifact id: 'f899df42f25aa34ca0138ee5023ec918') in 0.042696 seconds 
  Import took 0.049916 seconds .

========================================================================
Received Import Request.
  Time since last request: 4.009337 seconds.
  path: Assets/預制物/大樹枝A.prefab
  artifactKey: Guid(8d15a8b8470aaae418cb7555486d4b38) Importer(815301076,1909f56bfc062723c751e8b465ee728b)
Start importing Assets/預制物/大樹枝A.prefab using Guid(8d15a8b8470aaae418cb7555486d4b38) Importer(815301076,1909f56bfc062723c751e8b465ee728b)  -> (artifact id: 'ffcb972e9b001baa2f730c7f2dacea29') in 0.026669 seconds 
  Import took 0.035443 seconds .

========================================================================
Received Import Request.
  Time since last request: 5.954510 seconds.
  path: Assets/預制物/岩石E.prefab
  artifactKey: Guid(f7937236280a5ab46b3653432e87dd53) Importer(815301076,1909f56bfc062723c751e8b465ee728b)
Start importing Assets/預制物/岩石E.prefab using Guid(f7937236280a5ab46b3653432e87dd53) Importer(815301076,1909f56bfc062723c751e8b465ee728b)  -> (artifact id: '86102cddb89625975da777488e4f217e') in 0.029314 seconds 
  Import took 0.035773 seconds .

========================================================================
Received Import Request.
  Time since last request: 4.065891 seconds.
  path: Assets/預制物/蜘蛛絲B.prefab
  artifactKey: Guid(042fc0c5ee767e441bfbc6a4976f1a5f) Importer(815301076,1909f56bfc062723c751e8b465ee728b)
Start importing Assets/預制物/蜘蛛絲B.prefab using Guid(042fc0c5ee767e441bfbc6a4976f1a5f) Importer(815301076,1909f56bfc062723c751e8b465ee728b)  -> (artifact id: 'aaf08185757ffa68c7422c442f0f8f1f') in 0.026854 seconds 
  Import took 0.043320 seconds .

========================================================================
Received Import Request.
  Time since last request: 0.002809 seconds.
  path: Assets/預制物/蜘蛛絲B.prefab
  artifactKey: Guid(042fc0c5ee767e441bfbc6a4976f1a5f) Importer(815301076,1909f56bfc062723c751e8b465ee728b)
Start importing Assets/預制物/蜘蛛絲B.prefab using Guid(042fc0c5ee767e441bfbc6a4976f1a5f) Importer(815301076,1909f56bfc062723c751e8b465ee728b)  -> (artifact id: 'aaf08185757ffa68c7422c442f0f8f1f') in 0.015396 seconds 
  Import took 0.022039 seconds .

========================================================================
Received Import Request.
  Time since last request: 4.721555 seconds.
  path: Assets/預制物/蜘蛛絲C.prefab
  artifactKey: Guid(a5db8263a435c344c89ec02614ac3c7e) Importer(815301076,1909f56bfc062723c751e8b465ee728b)
Start importing Assets/預制物/蜘蛛絲C.prefab using Guid(a5db8263a435c344c89ec02614ac3c7e) Importer(815301076,1909f56bfc062723c751e8b465ee728b)  -> (artifact id: '5e74c5d4e073f8c5589bee714569d007') in 0.028749 seconds 
  Import took 0.036144 seconds .

========================================================================
Received Import Request.
  Time since last request: 1336.404654 seconds.
  path: Assets/預制物/螢光草A.prefab
  artifactKey: Guid(269ae42df9161934aa84603a0bc1f4a3) Importer(815301076,1909f56bfc062723c751e8b465ee728b)
Start importing Assets/預制物/螢光草A.prefab using Guid(269ae42df9161934aa84603a0bc1f4a3) Importer(815301076,1909f56bfc062723c751e8b465ee728b)  -> (artifact id: 'cae836349ae77788f6b63d9669bfa751') in 0.049685 seconds 
  Import took 0.057272 seconds .

========================================================================
Received Import Request.
  Time since last request: 5.240477 seconds.
  path: Assets/預制物/螢光草B.prefab
  artifactKey: Guid(69b034385c0851241a0f8c15b10bf0f4) Importer(815301076,1909f56bfc062723c751e8b465ee728b)
Start importing Assets/預制物/螢光草B.prefab using Guid(69b034385c0851241a0f8c15b10bf0f4) Importer(815301076,1909f56bfc062723c751e8b465ee728b)  -> (artifact id: '1a924d6a8c6a109c44f88e4763d2cfbb') in 0.038713 seconds 
  Import took 0.044918 seconds .

========================================================================
Received Import Request.
  Time since last request: 1317.516454 seconds.
  path: Assets/預制物/雕像A.prefab
  artifactKey: Guid(c60c735126fd9be4ea7f0cab91095a61) Importer(815301076,1909f56bfc062723c751e8b465ee728b)
Start importing Assets/預制物/雕像A.prefab using Guid(c60c735126fd9be4ea7f0cab91095a61) Importer(815301076,1909f56bfc062723c751e8b465ee728b)  -> (artifact id: '0e0f3dd6e77334aed17435d228f50156') in 0.044788 seconds 
  Import took 0.055686 seconds .

========================================================================
Received Import Request.
  Time since last request: 4.879812 seconds.
  path: Assets/預制物/雕像B.prefab
  artifactKey: Guid(d8965ab5a11e9cb4cbec6d0de328a27d) Importer(815301076,1909f56bfc062723c751e8b465ee728b)
Start importing Assets/預制物/雕像B.prefab using Guid(d8965ab5a11e9cb4cbec6d0de328a27d) Importer(815301076,1909f56bfc062723c751e8b465ee728b)  -> (artifact id: 'b7927d74932848ce5ad1b180d2dc4f1a') in 0.043470 seconds 
  Import took 0.050899 seconds .

========================================================================
Received Import Request.
  Time since last request: 4.366995 seconds.
  path: Assets/預制物/背景岩石A.prefab
  artifactKey: Guid(decc39d401cca134ba8a40a2184aa680) Importer(815301076,1909f56bfc062723c751e8b465ee728b)
Start importing Assets/預制物/背景岩石A.prefab using Guid(decc39d401cca134ba8a40a2184aa680) Importer(815301076,1909f56bfc062723c751e8b465ee728b)  -> (artifact id: '629669f7c135f9596717a0081dfcf395') in 0.032265 seconds 
  Import took 0.038686 seconds .

========================================================================
Received Import Request.
  Time since last request: 3.467842 seconds.
  path: Assets/預制物/背景岩石B.prefab
  artifactKey: Guid(f4025bb4879db5147845bddc737b13a6) Importer(815301076,1909f56bfc062723c751e8b465ee728b)
Start importing Assets/預制物/背景岩石B.prefab using Guid(f4025bb4879db5147845bddc737b13a6) Importer(815301076,1909f56bfc062723c751e8b465ee728b)  -> (artifact id: '8aec9d7210594eb0663cf78796f95fd4') in 0.027770 seconds 
  Import took 0.044124 seconds .

========================================================================
Received Import Request.
  Time since last request: 4.495830 seconds.
  path: Assets/預制物/背景岩石C.prefab
  artifactKey: Guid(f0ea7a865e97cd941aee6cff8e48a4ab) Importer(815301076,1909f56bfc062723c751e8b465ee728b)
Start importing Assets/預制物/背景岩石C.prefab using Guid(f0ea7a865e97cd941aee6cff8e48a4ab) Importer(815301076,1909f56bfc062723c751e8b465ee728b)  -> (artifact id: '55f3e89423dd43a0468758773cf91e6f') in 0.038229 seconds 
  Import took 0.063872 seconds .

========================================================================
Received Import Request.
  Time since last request: 0.017330 seconds.
  path: Assets/預制物/背景岩石C.prefab
  artifactKey: Guid(f0ea7a865e97cd941aee6cff8e48a4ab) Importer(815301076,1909f56bfc062723c751e8b465ee728b)
Start importing Assets/預制物/背景岩石C.prefab using Guid(f0ea7a865e97cd941aee6cff8e48a4ab) Importer(815301076,1909f56bfc062723c751e8b465ee728b)  -> (artifact id: '55f3e89423dd43a0468758773cf91e6f') in 0.024060 seconds 
  Import took 0.031229 seconds .

========================================================================
Received Import Request.
  Time since last request: 3.216826 seconds.
  path: Assets/預制物/草藤A.prefab
  artifactKey: Guid(4ae02319611437b4db69e3de4cdc1b01) Importer(815301076,1909f56bfc062723c751e8b465ee728b)
Start importing Assets/預制物/草藤A.prefab using Guid(4ae02319611437b4db69e3de4cdc1b01) Importer(815301076,1909f56bfc062723c751e8b465ee728b)  -> (artifact id: 'cc8b0a088a59907b048dce814b8a45af') in 0.028111 seconds 
  Import took 0.035822 seconds .

========================================================================
Received Import Request.
  Time since last request: 0.008296 seconds.
  path: Assets/預制物/草藤A.prefab
  artifactKey: Guid(4ae02319611437b4db69e3de4cdc1b01) Importer(815301076,1909f56bfc062723c751e8b465ee728b)
Start importing Assets/預制物/草藤A.prefab using Guid(4ae02319611437b4db69e3de4cdc1b01) Importer(815301076,1909f56bfc062723c751e8b465ee728b)  -> (artifact id: 'cc8b0a088a59907b048dce814b8a45af') in 0.014698 seconds 
  Import took 0.020986 seconds .

========================================================================
Received Import Request.
  Time since last request: 4.138072 seconds.
  path: Assets/預制物/草藤B.prefab
  artifactKey: Guid(ead32b88f38f94b4d8c7104a3efe3873) Importer(815301076,1909f56bfc062723c751e8b465ee728b)
Start importing Assets/預制物/草藤B.prefab using Guid(ead32b88f38f94b4d8c7104a3efe3873) Importer(815301076,1909f56bfc062723c751e8b465ee728b)  -> (artifact id: '04eff0baefcece7073d48ea90c0e1c62') in 0.037310 seconds 
  Import took 0.045255 seconds .

========================================================================
Received Import Request.
  Time since last request: 4.346099 seconds.
  path: Assets/預制物/草藤C.prefab
  artifactKey: Guid(29185d106c885644ebb0798f30023cb2) Importer(815301076,1909f56bfc062723c751e8b465ee728b)
Start importing Assets/預制物/草藤C.prefab using Guid(29185d106c885644ebb0798f30023cb2) Importer(815301076,1909f56bfc062723c751e8b465ee728b)  -> (artifact id: '5cf4796476785073902c356691fd38bb') in 0.029599 seconds 
  Import took 0.036392 seconds .

========================================================================
Received Import Request.
  Time since last request: 3.147735 seconds.
  path: Assets/預制物/草藤D.prefab
  artifactKey: Guid(8d4dfae2e78400b43aa082d465fcc85e) Importer(815301076,1909f56bfc062723c751e8b465ee728b)
Start importing Assets/預制物/草藤D.prefab using Guid(8d4dfae2e78400b43aa082d465fcc85e) Importer(815301076,1909f56bfc062723c751e8b465ee728b)  -> (artifact id: '577fa6fea8fd02ad00d93b830d2f01c2') in 0.039968 seconds 
  Import took 0.054832 seconds .

========================================================================
Received Import Request.
  Time since last request: 0.007177 seconds.
  path: Assets/預制物/草藤D.prefab
  artifactKey: Guid(8d4dfae2e78400b43aa082d465fcc85e) Importer(815301076,1909f56bfc062723c751e8b465ee728b)
Start importing Assets/預制物/草藤D.prefab using Guid(8d4dfae2e78400b43aa082d465fcc85e) Importer(815301076,1909f56bfc062723c751e8b465ee728b)  -> (artifact id: '577fa6fea8fd02ad00d93b830d2f01c2') in 0.018161 seconds 
  Import took 0.026171 seconds .

========================================================================
Received Import Request.
  Time since last request: 493.872882 seconds.
  path: Assets/預制物/磨菇B.prefab
  artifactKey: Guid(67c9422cdc175044393094b232680d6c) Importer(815301076,1909f56bfc062723c751e8b465ee728b)
Start importing Assets/預制物/磨菇B.prefab using Guid(67c9422cdc175044393094b232680d6c) Importer(815301076,1909f56bfc062723c751e8b465ee728b)  -> (artifact id: 'fc0adf94c25e1decf4e52f230994818f') in 0.035723 seconds 
  Import took 0.045165 seconds .

========================================================================
Received Import Request.
  Time since last request: 1064.559401 seconds.
  path: Assets/預制物/機器.prefab
  artifactKey: Guid(4faf2e302adc7424eb84bc33af8ae98e) Importer(815301076,1909f56bfc062723c751e8b465ee728b)
Start importing Assets/預制物/機器.prefab using Guid(4faf2e302adc7424eb84bc33af8ae98e) Importer(815301076,1909f56bfc062723c751e8b465ee728b)  -> (artifact id: 'e3c5200305c98a06bb97b4575151779a') in 0.037307 seconds 
  Import took 0.057710 seconds .

========================================================================
Received Import Request.
  Time since last request: 717.367799 seconds.
  path: Assets/預制物/傳送門.prefab
  artifactKey: Guid(a4c9577cef2cebf499f20e35d3db4ac1) Importer(815301076,1909f56bfc062723c751e8b465ee728b)
Start importing Assets/預制物/傳送門.prefab using Guid(a4c9577cef2cebf499f20e35d3db4ac1) Importer(815301076,1909f56bfc062723c751e8b465ee728b)  -> (artifact id: '3fbf4d03ba76d6d87c261ffda217bfb6') in 0.066864 seconds 
  Import took 0.084717 seconds .

========================================================================
Received Import Request.
  Time since last request: 0.003527 seconds.
  path: Assets/預制物/傳送門.prefab
  artifactKey: Guid(a4c9577cef2cebf499f20e35d3db4ac1) Importer(815301076,1909f56bfc062723c751e8b465ee728b)
Start importing Assets/預制物/傳送門.prefab using Guid(a4c9577cef2cebf499f20e35d3db4ac1) Importer(815301076,1909f56bfc062723c751e8b465ee728b)  -> (artifact id: '3fbf4d03ba76d6d87c261ffda217bfb6') in 0.013993 seconds 
  Import took 0.020663 seconds .

========================================================================
Received Import Request.
  Time since last request: 510.496478 seconds.
  path: Assets/場景/打王場景.unity
  artifactKey: Guid(9b976d5d94d5e2b4dad94f2d49657499) Importer(815301076,1909f56bfc062723c751e8b465ee728b)
Start importing Assets/場景/打王場景.unity using Guid(9b976d5d94d5e2b4dad94f2d49657499) Importer(815301076,1909f56bfc062723c751e8b465ee728b)  -> (artifact id: 'aedd3b1bdd9511521c6af3792103f5d0') in 0.009218 seconds 
  Import took 0.031164 seconds .

========================================================================
Received Import Request.
  Time since last request: 27.423055 seconds.
  path: Assets/場景/遊戲場景.unity
  artifactKey: Guid(aabf51d4eb54ebc43b2d4a0514756d3d) Importer(815301076,1909f56bfc062723c751e8b465ee728b)
Start importing Assets/場景/遊戲場景.unity using Guid(aabf51d4eb54ebc43b2d4a0514756d3d) Importer(815301076,1909f56bfc062723c751e8b465ee728b)  -> (artifact id: 'ef44ef792050c5d5c57940e8f24bf6c7') in 0.015484 seconds 
  Import took 0.034103 seconds .

========================================================================
Received Import Request.
  Time since last request: 525.198666 seconds.
  path: Assets/場景/打王場景.unity
  artifactKey: Guid(9b976d5d94d5e2b4dad94f2d49657499) Importer(815301076,1909f56bfc062723c751e8b465ee728b)
Start importing Assets/場景/打王場景.unity using Guid(9b976d5d94d5e2b4dad94f2d49657499) Importer(815301076,1909f56bfc062723c751e8b465ee728b)  -> (artifact id: '26a18071b5fea6ee6c49e4ded81f179e') in 0.003718 seconds 
  Import took 0.032144 seconds .

========================================================================
Received Import Request.
  Time since last request: 656.560399 seconds.
  path: Assets/拼接素材/Tileset_Alien_SingleColumnCentreCeiling.asset
  artifactKey: Guid(a64ef548af0b1bb43b9b8f952e409a9f) Importer(815301076,1909f56bfc062723c751e8b465ee728b)
Start importing Assets/拼接素材/Tileset_Alien_SingleColumnCentreCeiling.asset using Guid(a64ef548af0b1bb43b9b8f952e409a9f) Importer(815301076,1909f56bfc062723c751e8b465ee728b)  -> (artifact id: '0adc0ba2ac14dc1bfeeeaf9605d20917') in 0.123806 seconds 
  Import took 0.137972 seconds .

========================================================================
Received Import Request.
  Time since last request: 0.000959 seconds.
  path: Assets/拼接素材/Tileset_Alien_WallLeft1.asset
  artifactKey: Guid(0ec20333a7d3c3d4e8a258be8bd67e61) Importer(815301076,1909f56bfc062723c751e8b465ee728b)
Start importing Assets/拼接素材/Tileset_Alien_WallLeft1.asset using Guid(0ec20333a7d3c3d4e8a258be8bd67e61) Importer(815301076,1909f56bfc062723c751e8b465ee728b)  -> (artifact id: 'b70655197a6fdc578ac66e417f9fad62') in 0.107985 seconds 
  Import took 0.122621 seconds .

========================================================================
Received Import Request.
  Time since last request: 0.000276 seconds.
  path: Assets/拼接素材/Tileset_Alien_WallLeft5.asset
  artifactKey: Guid(96bf67bb5f757da4abdbbfb60743ed9a) Importer(815301076,1909f56bfc062723c751e8b465ee728b)
Start importing Assets/拼接素材/Tileset_Alien_WallLeft5.asset using Guid(96bf67bb5f757da4abdbbfb60743ed9a) Importer(815301076,1909f56bfc062723c751e8b465ee728b)  -> (artifact id: 'ef7b219eee4c69e7d33821c7029bd0cf') in 0.111862 seconds 
  Import took 0.124167 seconds .

========================================================================
Received Import Request.
  Time since last request: 0.000293 seconds.
  path: Assets/拼接素材/Tileset_Alien_SingleColumnwall0.asset
  artifactKey: Guid(d32d0790540e07147bc86aa3e5fc1e27) Importer(815301076,1909f56bfc062723c751e8b465ee728b)
Start importing Assets/拼接素材/Tileset_Alien_SingleColumnwall0.asset using Guid(d32d0790540e07147bc86aa3e5fc1e27) Importer(815301076,1909f56bfc062723c751e8b465ee728b)  -> (artifact id: '766e5672678b007ae37ac2a14ef2053d') in 0.099014 seconds 
  Import took 0.110798 seconds .

========================================================================
Received Import Request.
  Time since last request: 0.000276 seconds.
  path: Assets/拼接素材/Tileset_Alien_SingleColumnwall2.asset
  artifactKey: Guid(ff9a9617440e2bb429f4512c69d0759f) Importer(815301076,1909f56bfc062723c751e8b465ee728b)
Start importing Assets/拼接素材/Tileset_Alien_SingleColumnwall2.asset using Guid(ff9a9617440e2bb429f4512c69d0759f) Importer(815301076,1909f56bfc062723c751e8b465ee728b)  -> (artifact id: 'b5a23eb20c8d71ff17a0d47d743f41f1') in 0.096865 seconds 
  Import took 0.109002 seconds .

========================================================================
Received Import Request.
  Time since last request: 0.000285 seconds.
  path: Assets/拼接素材/Tileset_Alien_WallLeft0.asset
  artifactKey: Guid(4471587f52425d84895333845785c2af) Importer(815301076,1909f56bfc062723c751e8b465ee728b)
Start importing Assets/拼接素材/Tileset_Alien_WallLeft0.asset using Guid(4471587f52425d84895333845785c2af) Importer(815301076,1909f56bfc062723c751e8b465ee728b)  -> (artifact id: '9f08b53b1a99cdebe0dd43e9519c936c') in 0.105199 seconds 
  Import took 0.117473 seconds .

========================================================================
Received Import Request.
  Time since last request: 0.000267 seconds.
  path: Assets/拼接素材/Tileset_Alien_WallLeft2.asset
  artifactKey: Guid(343b7fc04931f834aa381f3ae2863817) Importer(815301076,1909f56bfc062723c751e8b465ee728b)
Start importing Assets/拼接素材/Tileset_Alien_WallLeft2.asset using Guid(343b7fc04931f834aa381f3ae2863817) Importer(815301076,1909f56bfc062723c751e8b465ee728b)  -> (artifact id: '084f01c41c1cbf8cbf6119bbb1982935') in 0.107029 seconds 
  Import took 0.121788 seconds .

========================================================================
Received Import Request.
  Time since last request: 0.000318 seconds.
  path: Assets/拼接素材/Tileset_Alien_SingleColumnwall3.asset
  artifactKey: Guid(52b21b524fd529845b334f34b057c735) Importer(815301076,1909f56bfc062723c751e8b465ee728b)
Start importing Assets/拼接素材/Tileset_Alien_SingleColumnwall3.asset using Guid(52b21b524fd529845b334f34b057c735) Importer(815301076,1909f56bfc062723c751e8b465ee728b)  -> (artifact id: 'd38a0460f8d829687fd52dc7853d7289') in 0.094791 seconds 
  Import took 0.141857 seconds .

========================================================================
Received Import Request.
  Time since last request: 0.000261 seconds.
  path: Assets/拼接素材/Tileset_Alien_SingleColumnCentreCorners.asset
  artifactKey: Guid(8c0975cc23b79cb43b393df885ef502e) Importer(815301076,1909f56bfc062723c751e8b465ee728b)
Start importing Assets/拼接素材/Tileset_Alien_SingleColumnCentreCorners.asset using Guid(8c0975cc23b79cb43b393df885ef502e) Importer(815301076,1909f56bfc062723c751e8b465ee728b)  -> (artifact id: 'd82efd75f87ca2715b247bffbef59fb2') in 0.098536 seconds 
  Import took 0.110975 seconds .

========================================================================
Received Import Request.
  Time since last request: 0.000262 seconds.
  path: Assets/拼接素材/Tileset_Alien_WallLeft4.asset
  artifactKey: Guid(47cfd18d4c67c0844ae59f0a7e596471) Importer(815301076,1909f56bfc062723c751e8b465ee728b)
Start importing Assets/拼接素材/Tileset_Alien_WallLeft4.asset using Guid(47cfd18d4c67c0844ae59f0a7e596471) Importer(815301076,1909f56bfc062723c751e8b465ee728b)  -> (artifact id: '847f5de33015b790f0a1907c793479b6') in 0.094885 seconds 
  Import took 0.108922 seconds .

========================================================================
Received Import Request.
  Time since last request: 0.000333 seconds.
  path: Assets/拼接素材/Tileset_Alien_SingleColumnwall1.asset
  artifactKey: Guid(3a251aaa3d998db4dbf5c67dc3b83672) Importer(815301076,1909f56bfc062723c751e8b465ee728b)
Start importing Assets/拼接素材/Tileset_Alien_SingleColumnwall1.asset using Guid(3a251aaa3d998db4dbf5c67dc3b83672) Importer(815301076,1909f56bfc062723c751e8b465ee728b)  -> (artifact id: 'b2680bd86455cd6d952bf17fa4df45d5') in 0.103785 seconds 
  Import took 0.115400 seconds .

========================================================================
Received Import Request.
  Time since last request: 0.000311 seconds.
  path: Assets/拼接素材/Tileset_Alien_WallLeft6.asset
  artifactKey: Guid(bfd4842961ff0d74385313d6a4536978) Importer(815301076,1909f56bfc062723c751e8b465ee728b)
Start importing Assets/拼接素材/Tileset_Alien_WallLeft6.asset using Guid(bfd4842961ff0d74385313d6a4536978) Importer(815301076,1909f56bfc062723c751e8b465ee728b)  -> (artifact id: '8cb2cb8e218e4ec06f2ae6aad49e0ed4') in 0.091308 seconds 
  Import took 0.103469 seconds .

========================================================================
Received Import Request.
  Time since last request: 0.000274 seconds.
  path: Assets/拼接素材/Tileset_Alien_WallLeft3.asset
  artifactKey: Guid(0822e78eaade3f74db4b53caf8c4717c) Importer(815301076,1909f56bfc062723c751e8b465ee728b)
Start importing Assets/拼接素材/Tileset_Alien_WallLeft3.asset using Guid(0822e78eaade3f74db4b53caf8c4717c) Importer(815301076,1909f56bfc062723c751e8b465ee728b)  -> (artifact id: '1f9a0d3acb4d10147ef0a3242dab91bb') in 0.110624 seconds 
  Import took 0.122923 seconds .

AssetImportWorkerClient::OnTransportError - code=2 error=End of file
